<?xml version="1.0" encoding="UTF-8"?>
<testng-results ignored="0" total="6" passed="6" failed="0" skipped="0">
  <reporter-output>
  </reporter-output>
  <suite started-at="2024-03-27T12:55:59 IST" name="Default suite" finished-at="2024-03-27T12:56:51 IST" duration-ms="51898">
    <groups>
    </groups>
    <test started-at="2024-03-27T12:55:59 IST" name="Default test" finished-at="2024-03-27T12:56:51 IST" duration-ms="51898">
      <class name="AppiumCalTest.AppiumCalTest.AppTest">
        <test-method signature="openCalculator()[pri:1, instance:AppiumCalTest.AppiumCalTest.AppTest@4550bb58]" started-at="2024-03-27T12:55:59 IST" name="openCalculator" finished-at="2024-03-27T12:56:17 IST" duration-ms="17602" status="PASS">
          <reporter-output>
          </reporter-output>
        </test-method> <!-- openCalculator -->
        <test-method signature="CalculatorTesting(java.lang.String,java.lang.String)[pri:2, instance:AppiumCalTest.AppiumCalTest.AppTest@4550bb58]" started-at="2024-03-27T12:56:17 IST" name="CalculatorTesting" data-provider="testdata" finished-at="2024-03-27T12:56:26 IST" duration-ms="9007" status="PASS">
          <params>
            <param index="0">
              <value>
                <![CDATA[9+(2*3+6)/2=]]>
              </value>
            </param>
            <param index="1">
              <value>
                <![CDATA[15]]>
              </value>
            </param>
          </params>
          <reporter-output>
          </reporter-output>
        </test-method> <!-- CalculatorTesting -->
        <test-method signature="CalculatorTesting(java.lang.String,java.lang.String)[pri:2, instance:AppiumCalTest.AppiumCalTest.AppTest@4550bb58]" started-at="2024-03-27T12:56:26 IST" name="CalculatorTesting" data-provider="testdata" finished-at="2024-03-27T12:56:30 IST" duration-ms="4535" status="PASS">
          <params>
            <param index="0">
              <value>
                <![CDATA[s2+s5=]]>
              </value>
            </param>
            <param index="1">
              <value>
                <![CDATA[3.650281539872]]>
              </value>
            </param>
          </params>
          <reporter-output>
          </reporter-output>
        </test-method> <!-- CalculatorTesting -->
        <test-method signature="CalculatorTesting(java.lang.String,java.lang.String)[pri:2, instance:AppiumCalTest.AppiumCalTest.AppTest@4550bb58]" started-at="2024-03-27T12:56:30 IST" name="CalculatorTesting" data-provider="testdata" finished-at="2024-03-27T12:56:38 IST" duration-ms="8200" status="PASS">
          <params>
            <param index="0">
              <value>
                <![CDATA[72.65/65.23=]]>
              </value>
            </param>
            <param index="1">
              <value>
                <![CDATA[1.113751341407]]>
              </value>
            </param>
          </params>
          <reporter-output>
          </reporter-output>
        </test-method> <!-- CalculatorTesting -->
        <test-method signature="CalculatorTesting(java.lang.String,java.lang.String)[pri:2, instance:AppiumCalTest.AppiumCalTest.AppTest@4550bb58]" started-at="2024-03-27T12:56:38 IST" name="CalculatorTesting" data-provider="testdata" finished-at="2024-03-27T12:56:44 IST" duration-ms="5998" status="PASS">
          <params>
            <param index="0">
              <value>
                <![CDATA[s2+s5d8=]]>
              </value>
            </param>
            <param index="1">
              <value>
                <![CDATA[4.242640687119]]>
              </value>
            </param>
          </params>
          <reporter-output>
          </reporter-output>
        </test-method> <!-- CalculatorTesting -->
        <test-method signature="CalculatorTesting(java.lang.String,java.lang.String)[pri:2, instance:AppiumCalTest.AppiumCalTest.AppTest@4550bb58]" started-at="2024-03-27T12:56:44 IST" name="CalculatorTesting" data-provider="testdata" finished-at="2024-03-27T12:56:51 IST" duration-ms="6508" status="PASS">
          <params>
            <param index="0">
              <value>
                <![CDATA[(3*p)+18=]]>
              </value>
            </param>
            <param index="1">
              <value>
                <![CDATA[27.42477796076]]>
              </value>
            </param>
          </params>
          <reporter-output>
          </reporter-output>
        </test-method> <!-- CalculatorTesting -->
      </class> <!-- AppiumCalTest.AppiumCalTest.AppTest -->
    </test> <!-- Default test -->
  </suite> <!-- Default suite -->
</testng-results>
