<?xml version="1.0" encoding="UTF-8"?>
<!-- Generated by org.testng.reporters.JUnitXMLReporter -->
<testsuite ignored="0" hostname="DhineshPC" failures="0" tests="6" name="Default test" time="51.898" errors="0" timestamp="2024-03-27T12:56:51 IST">
  <testcase classname="AppiumCalTest.AppiumCalTest.AppTest" name="openCalculator" time="17.602"/>
  <testcase classname="AppiumCalTest.AppiumCalTest.AppTest" name="CalculatorTesting" time="9.007"/>
  <testcase classname="AppiumCalTest.AppiumCalTest.AppTest" name="CalculatorTesting" time="4.535"/>
  <testcase classname="AppiumCalTest.AppiumCalTest.AppTest" name="CalculatorTesting" time="8.2"/>
  <testcase classname="AppiumCalTest.AppiumCalTest.AppTest" name="CalculatorTesting" time="5.998"/>
  <testcase classname="AppiumCalTest.AppiumCalTest.AppTest" name="CalculatorTesting" time="6.508"/>
</testsuite> <!-- Default test -->
